<?xml version="1.0" encoding="UTF-8"?>
<coverage generated="1765762462847" clover="3.2.0">
  <project timestamp="1765762462847" name="All files">
    <metrics statements="65" coveredstatements="50" conditionals="34" coveredconditionals="23" methods="18" coveredmethods="13" elements="117" coveredelements="86" complexity="0" loc="65" ncloc="65" packages="2" files="4" classes="4"/>
    <package name="components">
      <metrics statements="29" coveredstatements="26" conditionals="16" coveredconditionals="13" methods="8" coveredmethods="7"/>
      <file name="RecipeCard.jsx" path="C:\VSC WORKSPACE\Recetas\src\components\RecipeCard.jsx">
        <metrics statements="5" coveredstatements="5" conditionals="10" coveredconditionals="9" methods="4" coveredmethods="4"/>
        <line num="22" count="1" type="stmt"/>
        <line num="23" count="1" type="cond" truecount="1" falsecount="1"/>
        <line num="24" count="1" type="stmt"/>
        <line num="27" count="1" type="stmt"/>
        <line num="28" count="1" type="stmt"/>
      </file>
      <file name="RecipeList.jsx" path="C:\VSC WORKSPACE\Recetas\src\components\RecipeList.jsx">
        <metrics statements="24" coveredstatements="21" conditionals="6" coveredconditionals="4" methods="4" coveredmethods="3"/>
        <line num="5" count="3" type="stmt"/>
        <line num="48" count="3" type="stmt"/>
        <line num="51" count="10" type="stmt"/>
        <line num="52" count="10" type="stmt"/>
        <line num="53" count="10" type="stmt"/>
        <line num="55" count="10" type="stmt"/>
        <line num="56" count="7" type="stmt"/>
        <line num="57" count="7" type="stmt"/>
        <line num="58" count="7" type="stmt"/>
        <line num="60" count="7" type="cond" truecount="1" falsecount="1"/>
        <line num="62" count="7" type="stmt"/>
        <line num="63" count="7" type="stmt"/>
        <line num="64" count="4" type="cond" truecount="2" falsecount="0"/>
        <line num="65" count="1" type="stmt"/>
        <line num="67" count="3" type="stmt"/>
        <line num="68" count="3" type="stmt"/>
        <line num="71" count="0" type="stmt"/>
        <line num="72" count="0" type="stmt"/>
        <line num="73" count="0" type="stmt"/>
        <line num="76" count="3" type="stmt"/>
        <line num="77" count="3" type="stmt"/>
        <line num="79" count="1" type="stmt"/>
        <line num="81" count="4" type="stmt"/>
        <line num="85" count="7" type="stmt"/>
      </file>
    </package>
    <package name="pages">
      <metrics statements="36" coveredstatements="24" conditionals="18" coveredconditionals="10" methods="10" coveredmethods="6"/>
      <file name="Home.jsx" path="C:\VSC WORKSPACE\Recetas\src\pages\Home.jsx">
        <metrics statements="4" coveredstatements="4" conditionals="0" coveredconditionals="0" methods="1" coveredmethods="1"/>
        <line num="5" count="4" type="stmt"/>
        <line num="11" count="4" type="stmt"/>
        <line num="16" count="4" type="stmt"/>
        <line num="21" count="4" type="stmt"/>
      </file>
      <file name="RecipePage.jsx" path="C:\VSC WORKSPACE\Recetas\src\pages\RecipePage.jsx">
        <metrics statements="32" coveredstatements="20" conditionals="18" coveredconditionals="10" methods="9" coveredmethods="5"/>
        <line num="7" count="1" type="stmt"/>
        <line num="62" count="1" type="stmt"/>
        <line num="65" count="1" type="stmt"/>
        <line num="83" count="17" type="stmt"/>
        <line num="84" count="17" type="stmt"/>
        <line num="85" count="17" type="stmt"/>
        <line num="88" count="17" type="stmt"/>
        <line num="89" count="17" type="stmt"/>
        <line num="90" count="17" type="stmt"/>
        <line num="93" count="17" type="cond" truecount="1" falsecount="1"/>
        <line num="98" count="17" type="stmt"/>
        <line num="99" count="12" type="cond" truecount="1" falsecount="1"/>
        <line num="100" count="0" type="stmt"/>
        <line num="101" count="0" type="stmt"/>
        <line num="102" count="0" type="stmt"/>
        <line num="104" count="0" type="stmt"/>
        <line num="105" count="0" type="cond" truecount="0" falsecount="2"/>
        <line num="106" count="0" type="stmt"/>
        <line num="107" count="0" type="stmt"/>
        <line num="109" count="0" type="stmt"/>
        <line num="111" count="0" type="stmt"/>
        <line num="114" count="0" type="stmt"/>
        <line num="119" count="17" type="cond" truecount="1" falsecount="1"/>
        <line num="120" count="17" type="cond" truecount="1" falsecount="1"/>
        <line num="121" count="17" type="cond" truecount="1" falsecount="1"/>
        <line num="123" count="17" type="stmt"/>
        <line num="124" count="1" type="stmt"/>
        <line num="125" count="1" type="stmt"/>
        <line num="126" count="0" type="stmt"/>
        <line num="127" count="0" type="stmt"/>
        <line num="273" count="3" type="stmt"/>
        <line num="322" count="1" type="stmt"/>
      </file>
    </package>
  </project>
</coverage>
