{"C:\\VSC WORKSPACE\\Recetas\\src\\components\\RecipeCard.jsx": {"path":"C:\\VSC WORKSPACE\\Recetas\\src\\components\\RecipeCard.jsx","statementMap":{"0":{"start":{"line":22,"column":14},"end":{"line":22,"column":null}},"1":{"start":{"line":23,"column":14},"end":{"line":25,"column":null}},"2":{"start":{"line":24,"column":16},"end":{"line":24,"column":null}},"3":{"start":{"line":27,"column":33},"end":{"line":27,"column":null}},"4":{"start":{"line":28,"column":33},"end":{"line":28,"column":null}}},"fnMap":{"0":{"name":"RecipeCard","decl":{"start":{"line":3,"column":24},"end":{"line":3,"column":35}},"loc":{"start":{"line":3,"column":53},"end":{"line":73,"column":null}},"line":3},"1":{"name":"(anonymous_1)","decl":{"start":{"line":21,"column":21},"end":{"line":21,"column":22}},"loc":{"start":{"line":21,"column":22},"end":{"line":26,"column":null}},"line":21},"2":{"name":"(anonymous_2)","decl":{"start":{"line":27,"column":26},"end":{"line":27,"column":27}},"loc":{"start":{"line":27,"column":33},"end":{"line":27,"column":null}},"line":27},"3":{"name":"(anonymous_3)","decl":{"start":{"line":28,"column":26},"end":{"line":28,"column":27}},"loc":{"start":{"line":28,"column":33},"end":{"line":28,"column":null}},"line":28}},"branchMap":{"0":{"loc":{"start":{"line":11,"column":9},"end":{"line":30,"column":null}},"type":"cond-expr","locations":[{"start":{"line":11,"column":22},"end":{"line":30,"column":null}},{"start":{"line":30,"column":12},"end":{"line":30,"column":null}}],"line":11},"1":{"loc":{"start":{"line":23,"column":14},"end":{"line":25,"column":null}},"type":"if","locations":[{"start":{"line":23,"column":14},"end":{"line":25,"column":null}},{"start":{},"end":{}}],"line":23},"2":{"loc":{"start":{"line":35,"column":28},"end":{"line":35,"column":61}},"type":"cond-expr","locations":[{"start":{"line":35,"column":44},"end":{"line":35,"column":53}},{"start":{"line":35,"column":53},"end":{"line":35,"column":61}}],"line":35},"3":{"loc":{"start":{"line":57,"column":14},"end":{"line":58,"column":null}},"type":"cond-expr","locations":[{"start":{"line":57,"column":46},"end":{"line":57,"column":null}},{"start":{"line":58,"column":14},"end":{"line":58,"column":null}}],"line":57},"4":{"loc":{"start":{"line":58,"column":14},"end":{"line":58,"column":null}},"type":"cond-expr","locations":[{"start":{"line":58,"column":46},"end":{"line":58,"column":63}},{"start":{"line":58,"column":63},"end":{"line":58,"column":null}}],"line":58}},"s":{"0":1,"1":1,"2":1,"3":1,"4":1},"f":{"0":14,"1":1,"2":1,"3":1},"b":{"0":[13,1],"1":[1,0],"2":[13,1],"3":[5,9],"4":[6,3]},"meta":{"lastBranch":5,"lastFunction":4,"lastStatement":5,"seen":{"f:3:24:3:35":0,"b:11:22:30:Infinity:30:12:30:Infinity":0,"f:21:21:21:22":1,"s:22:14:22:Infinity":0,"b:23:14:25:Infinity:undefined:undefined:undefined:undefined":1,"s:23:14:25:Infinity":1,"s:24:16:24:Infinity":2,"f:27:26:27:27":2,"s:27:33:27:Infinity":3,"f:28:26:28:27":3,"s:28:33:28:Infinity":4,"b:35:44:35:53:35:53:35:61":2,"b:57:46:57:Infinity:58:14:58:Infinity":3,"b:58:46:58:63:58:63:58:Infinity":4}}}
,"C:\\VSC WORKSPACE\\Recetas\\src\\components\\RecipeList.jsx": {"path":"C:\\VSC WORKSPACE\\Recetas\\src\\components\\RecipeList.jsx","statementMap":{"0":{"start":{"line":5,"column":20},"end":{"line":46,"column":null}},"1":{"start":{"line":48,"column":22},"end":{"line":48,"column":41}},"2":{"start":{"line":51,"column":29},"end":{"line":51,"column":null}},"3":{"start":{"line":52,"column":31},"end":{"line":52,"column":null}},"4":{"start":{"line":53,"column":25},"end":{"line":53,"column":null}},"5":{"start":{"line":55,"column":2},"end":{"line":86,"column":null}},"6":{"start":{"line":56,"column":26},"end":{"line":83,"column":null}},"7":{"start":{"line":57,"column":6},"end":{"line":82,"column":null}},"8":{"start":{"line":58,"column":8},"end":{"line":58,"column":null}},"9":{"start":{"line":60,"column":8},"end":{"line":74,"column":null}},"10":{"start":{"line":62,"column":10},"end":{"line":62,"column":null}},"11":{"start":{"line":63,"column":27},"end":{"line":63,"column":null}},"12":{"start":{"line":64,"column":10},"end":{"line":66,"column":null}},"13":{"start":{"line":65,"column":12},"end":{"line":65,"column":null}},"14":{"start":{"line":67,"column":24},"end":{"line":67,"column":null}},"15":{"start":{"line":68,"column":10},"end":{"line":68,"column":null}},"16":{"start":{"line":71,"column":10},"end":{"line":71,"column":null}},"17":{"start":{"line":72,"column":10},"end":{"line":72,"column":66}},"18":{"start":{"line":72,"column":39},"end":{"line":72,"column":66}},"19":{"start":{"line":73,"column":10},"end":{"line":73,"column":null}},"20":{"start":{"line":76,"column":8},"end":{"line":76,"column":null}},"21":{"start":{"line":77,"column":8},"end":{"line":77,"column":null}},"22":{"start":{"line":79,"column":8},"end":{"line":79,"column":null}},"23":{"start":{"line":81,"column":8},"end":{"line":81,"column":null}},"24":{"start":{"line":85,"column":4},"end":{"line":85,"column":null}}},"fnMap":{"0":{"name":"RecipeList","decl":{"start":{"line":50,"column":24},"end":{"line":50,"column":null}},"loc":{"start":{"line":50,"column":24},"end":{"line":128,"column":null}},"line":50},"1":{"name":"(anonymous_1)","decl":{"start":{"line":55,"column":12},"end":{"line":55,"column":null}},"loc":{"start":{"line":55,"column":12},"end":{"line":86,"column":5}},"line":55},"2":{"name":"(anonymous_2)","decl":{"start":{"line":56,"column":26},"end":{"line":56,"column":null}},"loc":{"start":{"line":56,"column":26},"end":{"line":83,"column":null}},"line":56},"3":{"name":"(anonymous_3)","decl":{"start":{"line":72,"column":28},"end":{"line":72,"column":39}},"loc":{"start":{"line":72,"column":39},"end":{"line":72,"column":66}},"line":72}},"branchMap":{"0":{"loc":{"start":{"line":60,"column":8},"end":{"line":74,"column":null}},"type":"if","locations":[{"start":{"line":60,"column":8},"end":{"line":74,"column":null}},{"start":{"line":69,"column":15},"end":{"line":74,"column":null}}],"line":60},"1":{"loc":{"start":{"line":64,"column":10},"end":{"line":66,"column":null}},"type":"if","locations":[{"start":{"line":64,"column":10},"end":{"line":66,"column":null}},{"start":{},"end":{}}],"line":64},"2":{"loc":{"start":{"line":115,"column":43},"end":{"line":115,"column":null}},"type":"binary-expr","locations":[{"start":{"line":115,"column":43},"end":{"line":115,"column":61}},{"start":{"line":115,"column":61},"end":{"line":115,"column":null}}],"line":115}},"s":{"0":3,"1":3,"2":10,"3":10,"4":10,"5":10,"6":7,"7":7,"8":7,"9":7,"10":7,"11":7,"12":4,"13":1,"14":3,"15":3,"16":0,"17":0,"18":0,"19":0,"20":3,"21":3,"22":1,"23":4,"24":7},"f":{"0":10,"1":7,"2":7,"3":0},"b":{"0":[7,0],"1":[1,3],"2":[2,0]},"meta":{"lastBranch":3,"lastFunction":4,"lastStatement":25,"seen":{"s:5:20:46:Infinity":0,"s:48:22:48:41":1,"f:50:24:50:Infinity":0,"s:51:29:51:Infinity":2,"s:52:31:52:Infinity":3,"s:53:25:53:Infinity":4,"s:55:2:86:Infinity":5,"f:55:12:55:Infinity":1,"s:56:26:83:Infinity":6,"f:56:26:56:Infinity":2,"s:57:6:82:Infinity":7,"s:58:8:58:Infinity":8,"b:60:8:74:Infinity:69:15:74:Infinity":0,"s:60:8:74:Infinity":9,"s:62:10:62:Infinity":10,"s:63:27:63:Infinity":11,"b:64:10:66:Infinity:undefined:undefined:undefined:undefined":1,"s:64:10:66:Infinity":12,"s:65:12:65:Infinity":13,"s:67:24:67:Infinity":14,"s:68:10:68:Infinity":15,"s:71:10:71:Infinity":16,"s:72:10:72:66":17,"f:72:28:72:39":3,"s:72:39:72:66":18,"s:73:10:73:Infinity":19,"s:76:8:76:Infinity":20,"s:77:8:77:Infinity":21,"s:79:8:79:Infinity":22,"s:81:8:81:Infinity":23,"s:85:4:85:Infinity":24,"b:115:43:115:61:115:61:115:Infinity":2}}}
,"C:\\VSC WORKSPACE\\Recetas\\src\\pages\\Home.jsx": {"path":"C:\\VSC WORKSPACE\\Recetas\\src\\pages\\Home.jsx","statementMap":{"0":{"start":{"line":5,"column":21},"end":{"line":9,"column":null}},"1":{"start":{"line":11,"column":23},"end":{"line":14,"column":null}},"2":{"start":{"line":16,"column":22},"end":{"line":19,"column":null}},"3":{"start":{"line":21,"column":25},"end":{"line":24,"column":null}}},"fnMap":{"0":{"name":"Home","decl":{"start":{"line":3,"column":24},"end":{"line":3,"column":null}},"loc":{"start":{"line":3,"column":24},"end":{"line":46,"column":null}},"line":3}},"branchMap":{},"s":{"0":4,"1":4,"2":4,"3":4},"f":{"0":4},"b":{},"meta":{"lastBranch":0,"lastFunction":1,"lastStatement":4,"seen":{"f:3:24:3:Infinity":0,"s:5:21:9:Infinity":0,"s:11:23:14:Infinity":1,"s:16:22:19:Infinity":2,"s:21:25:24:Infinity":3}}}
,"C:\\VSC WORKSPACE\\Recetas\\src\\pages\\RecipePage.jsx": {"path":"C:\\VSC WORKSPACE\\Recetas\\src\\pages\\RecipePage.jsx","statementMap":{"0":{"start":{"line":7,"column":20},"end":{"line":60,"column":null}},"1":{"start":{"line":62,"column":22},"end":{"line":62,"column":41}},"2":{"start":{"line":65,"column":19},"end":{"line":80,"column":1}},"3":{"start":{"line":83,"column":14},"end":{"line":83,"column":null}},"4":{"start":{"line":84,"column":39},"end":{"line":84,"column":null}},"5":{"start":{"line":85,"column":45},"end":{"line":85,"column":null}},"6":{"start":{"line":88,"column":39},"end":{"line":88,"column":null}},"7":{"start":{"line":89,"column":35},"end":{"line":89,"column":null}},"8":{"start":{"line":90,"column":33},"end":{"line":90,"column":null}},"9":{"start":{"line":93,"column":76},"end":{"line":95,"column":null}},"10":{"start":{"line":98,"column":2},"end":{"line":116,"column":null}},"11":{"start":{"line":99,"column":4},"end":{"line":115,"column":null}},"12":{"start":{"line":100,"column":27},"end":{"line":112,"column":null}},"13":{"start":{"line":101,"column":8},"end":{"line":101,"column":null}},"14":{"start":{"line":102,"column":8},"end":{"line":102,"column":null}},"15":{"start":{"line":102,"column":37},"end":{"line":102,"column":null}},"16":{"start":{"line":104,"column":33},"end":{"line":104,"column":null}},"17":{"start":{"line":104,"column":55},"end":{"line":104,"column":null}},"18":{"start":{"line":105,"column":8},"end":{"line":110,"column":null}},"19":{"start":{"line":106,"column":10},"end":{"line":106,"column":null}},"20":{"start":{"line":107,"column":10},"end":{"line":107,"column":null}},"21":{"start":{"line":109,"column":10},"end":{"line":109,"column":null}},"22":{"start":{"line":111,"column":8},"end":{"line":111,"column":null}},"23":{"start":{"line":114,"column":6},"end":{"line":114,"column":null}},"24":{"start":{"line":119,"column":19},"end":{"line":119,"column":null}},"25":{"start":{"line":120,"column":16},"end":{"line":120,"column":null}},"26":{"start":{"line":121,"column":17},"end":{"line":121,"column":null}},"27":{"start":{"line":123,"column":24},"end":{"line":129,"column":null}},"28":{"start":{"line":124,"column":4},"end":{"line":124,"column":null}},"29":{"start":{"line":125,"column":4},"end":{"line":128,"column":null}},"30":{"start":{"line":126,"column":6},"end":{"line":126,"column":null}},"31":{"start":{"line":127,"column":6},"end":{"line":127,"column":null}},"32":{"start":{"line":273,"column":29},"end":{"line":273,"column":null}},"33":{"start":{"line":322,"column":35},"end":{"line":322,"column":null}}},"fnMap":{"0":{"name":"RecipePage","decl":{"start":{"line":82,"column":24},"end":{"line":82,"column":null}},"loc":{"start":{"line":82,"column":24},"end":{"line":356,"column":null}},"line":82},"1":{"name":"(anonymous_1)","decl":{"start":{"line":98,"column":12},"end":{"line":98,"column":null}},"loc":{"start":{"line":98,"column":12},"end":{"line":116,"column":5}},"line":98},"2":{"name":"(anonymous_2)","decl":{"start":{"line":100,"column":27},"end":{"line":100,"column":null}},"loc":{"start":{"line":100,"column":27},"end":{"line":112,"column":null}},"line":100},"3":{"name":"(anonymous_3)","decl":{"start":{"line":102,"column":26},"end":{"line":102,"column":37}},"loc":{"start":{"line":102,"column":37},"end":{"line":102,"column":null}},"line":102},"4":{"name":"(anonymous_4)","decl":{"start":{"line":104,"column":50},"end":{"line":104,"column":55}},"loc":{"start":{"line":104,"column":55},"end":{"line":104,"column":null}},"line":104},"5":{"name":"(anonymous_5)","decl":{"start":{"line":123,"column":24},"end":{"line":123,"column":null}},"loc":{"start":{"line":123,"column":24},"end":{"line":129,"column":null}},"line":123},"6":{"name":"(anonymous_6)","decl":{"start":{"line":125,"column":15},"end":{"line":125,"column":null}},"loc":{"start":{"line":125,"column":15},"end":{"line":128,"column":7}},"line":125},"7":{"name":"(anonymous_7)","decl":{"start":{"line":273,"column":23},"end":{"line":273,"column":29}},"loc":{"start":{"line":273,"column":29},"end":{"line":273,"column":null}},"line":273},"8":{"name":"(anonymous_8)","decl":{"start":{"line":322,"column":29},"end":{"line":322,"column":35}},"loc":{"start":{"line":322,"column":35},"end":{"line":322,"column":null}},"line":322}},"branchMap":{"0":{"loc":{"start":{"line":93,"column":76},"end":{"line":95,"column":null}},"type":"cond-expr","locations":[{"start":{"line":93,"column":76},"end":{"line":94,"column":null}},{"start":{"line":95,"column":6},"end":{"line":95,"column":null}}],"line":93},"1":{"loc":{"start":{"line":99,"column":4},"end":{"line":115,"column":null}},"type":"if","locations":[{"start":{"line":99,"column":4},"end":{"line":115,"column":null}},{"start":{},"end":{}}],"line":99},"2":{"loc":{"start":{"line":105,"column":8},"end":{"line":110,"column":null}},"type":"if","locations":[{"start":{"line":105,"column":8},"end":{"line":110,"column":null}},{"start":{"line":108,"column":15},"end":{"line":110,"column":null}}],"line":105},"3":{"loc":{"start":{"line":119,"column":19},"end":{"line":119,"column":null}},"type":"cond-expr","locations":[{"start":{"line":119,"column":35},"end":{"line":119,"column":52}},{"start":{"line":119,"column":52},"end":{"line":119,"column":null}}],"line":119},"4":{"loc":{"start":{"line":120,"column":16},"end":{"line":120,"column":null}},"type":"cond-expr","locations":[{"start":{"line":120,"column":32},"end":{"line":120,"column":46}},{"start":{"line":120,"column":46},"end":{"line":120,"column":null}}],"line":120},"5":{"loc":{"start":{"line":121,"column":17},"end":{"line":121,"column":null}},"type":"cond-expr","locations":[{"start":{"line":121,"column":33},"end":{"line":121,"column":54}},{"start":{"line":121,"column":54},"end":{"line":121,"column":null}}],"line":121},"6":{"loc":{"start":{"line":189,"column":60},"end":{"line":189,"column":null}},"type":"binary-expr","locations":[{"start":{"line":189,"column":60},"end":{"line":189,"column":78}},{"start":{"line":189,"column":78},"end":{"line":189,"column":null}}],"line":189},"7":{"loc":{"start":{"line":239,"column":20},"end":{"line":240,"column":null}},"type":"cond-expr","locations":[{"start":{"line":239,"column":52},"end":{"line":239,"column":null}},{"start":{"line":240,"column":20},"end":{"line":240,"column":null}}],"line":239},"8":{"loc":{"start":{"line":240,"column":20},"end":{"line":240,"column":null}},"type":"cond-expr","locations":[{"start":{"line":240,"column":52},"end":{"line":240,"column":69}},{"start":{"line":240,"column":69},"end":{"line":240,"column":null}}],"line":240}},"s":{"0":1,"1":1,"2":1,"3":17,"4":17,"5":17,"6":17,"7":17,"8":17,"9":17,"10":17,"11":12,"12":0,"13":0,"14":0,"15":0,"16":0,"17":0,"18":0,"19":0,"20":0,"21":0,"22":0,"23":0,"24":17,"25":17,"26":17,"27":17,"28":1,"29":1,"30":0,"31":0,"32":3,"33":1},"f":{"0":17,"1":12,"2":0,"3":0,"4":0,"5":1,"6":0,"7":3,"8":1},"b":{"0":[17,0],"1":[0,12],"2":[0,0],"3":[17,0],"4":[17,0],"5":[17,0],"6":[14,0],"7":[1,13],"8":[12,1]},"meta":{"lastBranch":9,"lastFunction":9,"lastStatement":34,"seen":{"s:7:20:60:Infinity":0,"s:62:22:62:41":1,"s:65:19:80:1":2,"f:82:24:82:Infinity":0,"s:83:14:83:Infinity":3,"s:84:39:84:Infinity":4,"s:85:45:85:Infinity":5,"s:88:39:88:Infinity":6,"s:89:35:89:Infinity":7,"s:90:33:90:Infinity":8,"s:93:76:95:Infinity":9,"b:93:76:94:Infinity:95:6:95:Infinity":0,"s:98:2:116:Infinity":10,"f:98:12:98:Infinity":1,"b:99:4:115:Infinity:undefined:undefined:undefined:undefined":1,"s:99:4:115:Infinity":11,"s:100:27:112:Infinity":12,"f:100:27:100:Infinity":2,"s:101:8:101:Infinity":13,"s:102:8:102:Infinity":14,"f:102:26:102:37":3,"s:102:37:102:Infinity":15,"s:104:33:104:Infinity":16,"f:104:50:104:55":4,"s:104:55:104:Infinity":17,"b:105:8:110:Infinity:108:15:110:Infinity":2,"s:105:8:110:Infinity":18,"s:106:10:106:Infinity":19,"s:107:10:107:Infinity":20,"s:109:10:109:Infinity":21,"s:111:8:111:Infinity":22,"s:114:6:114:Infinity":23,"s:119:19:119:Infinity":24,"b:119:35:119:52:119:52:119:Infinity":3,"s:120:16:120:Infinity":25,"b:120:32:120:46:120:46:120:Infinity":4,"s:121:17:121:Infinity":26,"b:121:33:121:54:121:54:121:Infinity":5,"s:123:24:129:Infinity":27,"f:123:24:123:Infinity":5,"s:124:4:124:Infinity":28,"s:125:4:128:Infinity":29,"f:125:15:125:Infinity":6,"s:126:6:126:Infinity":30,"s:127:6:127:Infinity":31,"b:189:60:189:78:189:78:189:Infinity":6,"b:239:52:239:Infinity:240:20:240:Infinity":7,"b:240:52:240:69:240:69:240:Infinity":8,"f:273:23:273:29":7,"s:273:29:273:Infinity":32,"f:322:29:322:35":8,"s:322:35:322:Infinity":33}}}
}
