{"C:\\VSC WORKSPACE\\Recetas\\src\\components\\RecipeCard.jsx": {"path":"C:\\VSC WORKSPACE\\Recetas\\src\\components\\RecipeCard.jsx","statementMap":{"0":{"start":{"line":22,"column":14},"end":{"line":22,"column":null}},"1":{"start":{"line":23,"column":14},"end":{"line":25,"column":null}},"2":{"start":{"line":24,"column":16},"end":{"line":24,"column":null}},"3":{"start":{"line":27,"column":33},"end":{"line":27,"column":null}},"4":{"start":{"line":28,"column":33},"end":{"line":28,"column":null}}},"fnMap":{"0":{"name":"EventCard","decl":{"start":{"line":3,"column":24},"end":{"line":3,"column":34}},"loc":{"start":{"line":3,"column":52},"end":{"line":74,"column":null}},"line":3},"1":{"name":"(anonymous_1)","decl":{"start":{"line":21,"column":21},"end":{"line":21,"column":22}},"loc":{"start":{"line":21,"column":22},"end":{"line":26,"column":null}},"line":21},"2":{"name":"(anonymous_2)","decl":{"start":{"line":27,"column":26},"end":{"line":27,"column":27}},"loc":{"start":{"line":27,"column":33},"end":{"line":27,"column":null}},"line":27},"3":{"name":"(anonymous_3)","decl":{"start":{"line":28,"column":26},"end":{"line":28,"column":27}},"loc":{"start":{"line":28,"column":33},"end":{"line":28,"column":null}},"line":28}},"branchMap":{"0":{"loc":{"start":{"line":11,"column":9},"end":{"line":30,"column":null}},"type":"cond-expr","locations":[{"start":{"line":11,"column":22},"end":{"line":30,"column":null}},{"start":{"line":30,"column":12},"end":{"line":30,"column":null}}],"line":11},"1":{"loc":{"start":{"line":23,"column":14},"end":{"line":25,"column":null}},"type":"if","locations":[{"start":{"line":23,"column":14},"end":{"line":25,"column":null}},{"start":{},"end":{}}],"line":23},"2":{"loc":{"start":{"line":35,"column":28},"end":{"line":35,"column":61}},"type":"cond-expr","locations":[{"start":{"line":35,"column":44},"end":{"line":35,"column":53}},{"start":{"line":35,"column":53},"end":{"line":35,"column":61}}],"line":35},"3":{"loc":{"start":{"line":57,"column":14},"end":{"line":58,"column":null}},"type":"cond-expr","locations":[{"start":{"line":57,"column":46},"end":{"line":57,"column":null}},{"start":{"line":58,"column":14},"end":{"line":58,"column":null}}],"line":57},"4":{"loc":{"start":{"line":58,"column":14},"end":{"line":58,"column":null}},"type":"cond-expr","locations":[{"start":{"line":58,"column":46},"end":{"line":58,"column":63}},{"start":{"line":58,"column":63},"end":{"line":58,"column":null}}],"line":58}},"s":{"0":1,"1":1,"2":1,"3":1,"4":1},"f":{"0":14,"1":1,"2":1,"3":1},"b":{"0":[13,1],"1":[1,0],"2":[13,1],"3":[5,9],"4":[6,3]},"meta":{"lastBranch":5,"lastFunction":4,"lastStatement":5,"seen":{"f:3:24:3:34":0,"b:11:22:30:Infinity:30:12:30:Infinity":0,"f:21:21:21:22":1,"s:22:14:22:Infinity":0,"b:23:14:25:Infinity:undefined:undefined:undefined:undefined":1,"s:23:14:25:Infinity":1,"s:24:16:24:Infinity":2,"f:27:26:27:27":2,"s:27:33:27:Infinity":3,"f:28:26:28:27":3,"s:28:33:28:Infinity":4,"b:35:44:35:53:35:53:35:61":2,"b:57:46:57:Infinity:58:14:58:Infinity":3,"b:58:46:58:63:58:63:58:Infinity":4}}}
,"C:\\VSC WORKSPACE\\Recetas\\src\\components\\RecipeList.jsx": {"path":"C:\\VSC WORKSPACE\\Recetas\\src\\components\\RecipeList.jsx","statementMap":{"0":{"start":{"line":5,"column":20},"end":{"line":46,"column":null}},"1":{"start":{"line":48,"column":22},"end":{"line":48,"column":41}},"2":{"start":{"line":51,"column":29},"end":{"line":51,"column":null}},"3":{"start":{"line":52,"column":31},"end":{"line":52,"column":null}},"4":{"start":{"line":53,"column":25},"end":{"line":53,"column":null}},"5":{"start":{"line":55,"column":2},"end":{"line":86,"column":null}},"6":{"start":{"line":56,"column":26},"end":{"line":83,"column":null}},"7":{"start":{"line":57,"column":6},"end":{"line":82,"column":null}},"8":{"start":{"line":58,"column":8},"end":{"line":58,"column":null}},"9":{"start":{"line":60,"column":8},"end":{"line":74,"column":null}},"10":{"start":{"line":62,"column":10},"end":{"line":62,"column":null}},"11":{"start":{"line":63,"column":27},"end":{"line":63,"column":null}},"12":{"start":{"line":64,"column":10},"end":{"line":66,"column":null}},"13":{"start":{"line":65,"column":12},"end":{"line":65,"column":null}},"14":{"start":{"line":67,"column":24},"end":{"line":67,"column":null}},"15":{"start":{"line":68,"column":10},"end":{"line":68,"column":null}},"16":{"start":{"line":71,"column":10},"end":{"line":71,"column":null}},"17":{"start":{"line":72,"column":10},"end":{"line":72,"column":66}},"18":{"start":{"line":72,"column":39},"end":{"line":72,"column":66}},"19":{"start":{"line":73,"column":10},"end":{"line":73,"column":null}},"20":{"start":{"line":76,"column":8},"end":{"line":76,"column":null}},"21":{"start":{"line":77,"column":8},"end":{"line":77,"column":null}},"22":{"start":{"line":79,"column":8},"end":{"line":79,"column":null}},"23":{"start":{"line":81,"column":8},"end":{"line":81,"column":null}},"24":{"start":{"line":85,"column":4},"end":{"line":85,"column":null}}},"fnMap":{"0":{"name":"EventList","decl":{"start":{"line":50,"column":24},"end":{"line":50,"column":null}},"loc":{"start":{"line":50,"column":24},"end":{"line":129,"column":null}},"line":50},"1":{"name":"(anonymous_1)","decl":{"start":{"line":55,"column":12},"end":{"line":55,"column":null}},"loc":{"start":{"line":55,"column":12},"end":{"line":86,"column":5}},"line":55},"2":{"name":"(anonymous_2)","decl":{"start":{"line":56,"column":26},"end":{"line":56,"column":null}},"loc":{"start":{"line":56,"column":26},"end":{"line":83,"column":null}},"line":56},"3":{"name":"(anonymous_3)","decl":{"start":{"line":72,"column":28},"end":{"line":72,"column":39}},"loc":{"start":{"line":72,"column":39},"end":{"line":72,"column":66}},"line":72}},"branchMap":{"0":{"loc":{"start":{"line":60,"column":8},"end":{"line":74,"column":null}},"type":"if","locations":[{"start":{"line":60,"column":8},"end":{"line":74,"column":null}},{"start":{"line":69,"column":15},"end":{"line":74,"column":null}}],"line":60},"1":{"loc":{"start":{"line":64,"column":10},"end":{"line":66,"column":null}},"type":"if","locations":[{"start":{"line":64,"column":10},"end":{"line":66,"column":null}},{"start":{},"end":{}}],"line":64},"2":{"loc":{"start":{"line":115,"column":43},"end":{"line":115,"column":null}},"type":"binary-expr","locations":[{"start":{"line":115,"column":43},"end":{"line":115,"column":61}},{"start":{"line":115,"column":61},"end":{"line":115,"column":null}}],"line":115}},"s":{"0":3,"1":3,"2":8,"3":8,"4":8,"5":8,"6":5,"7":5,"8":5,"9":5,"10":5,"11":5,"12":4,"13":1,"14":3,"15":3,"16":0,"17":0,"18":0,"19":0,"20":3,"21":3,"22":1,"23":4,"24":5},"f":{"0":8,"1":5,"2":5,"3":0},"b":{"0":[5,0],"1":[1,3],"2":[2,0]},"meta":{"lastBranch":3,"lastFunction":4,"lastStatement":25,"seen":{"s:5:20:46:Infinity":0,"s:48:22:48:41":1,"f:50:24:50:Infinity":0,"s:51:29:51:Infinity":2,"s:52:31:52:Infinity":3,"s:53:25:53:Infinity":4,"s:55:2:86:Infinity":5,"f:55:12:55:Infinity":1,"s:56:26:83:Infinity":6,"f:56:26:56:Infinity":2,"s:57:6:82:Infinity":7,"s:58:8:58:Infinity":8,"b:60:8:74:Infinity:69:15:74:Infinity":0,"s:60:8:74:Infinity":9,"s:62:10:62:Infinity":10,"s:63:27:63:Infinity":11,"b:64:10:66:Infinity:undefined:undefined:undefined:undefined":1,"s:64:10:66:Infinity":12,"s:65:12:65:Infinity":13,"s:67:24:67:Infinity":14,"s:68:10:68:Infinity":15,"s:71:10:71:Infinity":16,"s:72:10:72:66":17,"f:72:28:72:39":3,"s:72:39:72:66":18,"s:73:10:73:Infinity":19,"s:76:8:76:Infinity":20,"s:77:8:77:Infinity":21,"s:79:8:79:Infinity":22,"s:81:8:81:Infinity":23,"s:85:4:85:Infinity":24,"b:115:43:115:61:115:61:115:Infinity":2}}}
,"C:\\VSC WORKSPACE\\Recetas\\src\\pages\\Home.jsx": {"path":"C:\\VSC WORKSPACE\\Recetas\\src\\pages\\Home.jsx","statementMap":{},"fnMap":{"0":{"name":"Home","decl":{"start":{"line":3,"column":24},"end":{"line":3,"column":null}},"loc":{"start":{"line":3,"column":24},"end":{"line":35,"column":null}},"line":3}},"branchMap":{},"s":{},"f":{"0":2},"b":{},"meta":{"lastBranch":0,"lastFunction":1,"lastStatement":0,"seen":{"f:3:24:3:Infinity":0}}}
,"C:\\VSC WORKSPACE\\Recetas\\src\\pages\\RecipePage.jsx": {"path":"C:\\VSC WORKSPACE\\Recetas\\src\\pages\\RecipePage.jsx","statementMap":{"0":{"start":{"line":7,"column":20},"end":{"line":60,"column":null}},"1":{"start":{"line":62,"column":22},"end":{"line":62,"column":41}},"2":{"start":{"line":65,"column":19},"end":{"line":80,"column":1}},"3":{"start":{"line":84,"column":14},"end":{"line":84,"column":null}},"4":{"start":{"line":85,"column":39},"end":{"line":85,"column":null}},"5":{"start":{"line":86,"column":45},"end":{"line":86,"column":null}},"6":{"start":{"line":89,"column":39},"end":{"line":89,"column":null}},"7":{"start":{"line":90,"column":35},"end":{"line":90,"column":null}},"8":{"start":{"line":91,"column":33},"end":{"line":91,"column":null}},"9":{"start":{"line":94,"column":76},"end":{"line":96,"column":null}},"10":{"start":{"line":99,"column":2},"end":{"line":117,"column":null}},"11":{"start":{"line":100,"column":4},"end":{"line":116,"column":null}},"12":{"start":{"line":101,"column":27},"end":{"line":113,"column":null}},"13":{"start":{"line":102,"column":8},"end":{"line":102,"column":null}},"14":{"start":{"line":103,"column":8},"end":{"line":103,"column":null}},"15":{"start":{"line":103,"column":37},"end":{"line":103,"column":null}},"16":{"start":{"line":105,"column":33},"end":{"line":105,"column":null}},"17":{"start":{"line":105,"column":55},"end":{"line":105,"column":null}},"18":{"start":{"line":106,"column":8},"end":{"line":111,"column":null}},"19":{"start":{"line":107,"column":10},"end":{"line":107,"column":null}},"20":{"start":{"line":108,"column":10},"end":{"line":108,"column":null}},"21":{"start":{"line":110,"column":10},"end":{"line":110,"column":null}},"22":{"start":{"line":112,"column":8},"end":{"line":112,"column":null}},"23":{"start":{"line":115,"column":6},"end":{"line":115,"column":null}},"24":{"start":{"line":120,"column":19},"end":{"line":120,"column":null}},"25":{"start":{"line":121,"column":16},"end":{"line":121,"column":null}},"26":{"start":{"line":122,"column":17},"end":{"line":122,"column":null}},"27":{"start":{"line":124,"column":24},"end":{"line":130,"column":null}},"28":{"start":{"line":125,"column":4},"end":{"line":125,"column":null}},"29":{"start":{"line":126,"column":4},"end":{"line":129,"column":null}},"30":{"start":{"line":127,"column":6},"end":{"line":127,"column":null}},"31":{"start":{"line":128,"column":6},"end":{"line":128,"column":null}},"32":{"start":{"line":274,"column":29},"end":{"line":274,"column":null}},"33":{"start":{"line":323,"column":35},"end":{"line":323,"column":null}}},"fnMap":{"0":{"name":"RecipePage","decl":{"start":{"line":83,"column":24},"end":{"line":83,"column":null}},"loc":{"start":{"line":83,"column":24},"end":{"line":358,"column":null}},"line":83},"1":{"name":"(anonymous_1)","decl":{"start":{"line":99,"column":12},"end":{"line":99,"column":null}},"loc":{"start":{"line":99,"column":12},"end":{"line":117,"column":5}},"line":99},"2":{"name":"(anonymous_2)","decl":{"start":{"line":101,"column":27},"end":{"line":101,"column":null}},"loc":{"start":{"line":101,"column":27},"end":{"line":113,"column":null}},"line":101},"3":{"name":"(anonymous_3)","decl":{"start":{"line":103,"column":26},"end":{"line":103,"column":37}},"loc":{"start":{"line":103,"column":37},"end":{"line":103,"column":null}},"line":103},"4":{"name":"(anonymous_4)","decl":{"start":{"line":105,"column":50},"end":{"line":105,"column":55}},"loc":{"start":{"line":105,"column":55},"end":{"line":105,"column":null}},"line":105},"5":{"name":"(anonymous_5)","decl":{"start":{"line":124,"column":24},"end":{"line":124,"column":null}},"loc":{"start":{"line":124,"column":24},"end":{"line":130,"column":null}},"line":124},"6":{"name":"(anonymous_6)","decl":{"start":{"line":126,"column":15},"end":{"line":126,"column":null}},"loc":{"start":{"line":126,"column":15},"end":{"line":129,"column":7}},"line":126},"7":{"name":"(anonymous_7)","decl":{"start":{"line":274,"column":23},"end":{"line":274,"column":29}},"loc":{"start":{"line":274,"column":29},"end":{"line":274,"column":null}},"line":274},"8":{"name":"(anonymous_8)","decl":{"start":{"line":323,"column":29},"end":{"line":323,"column":35}},"loc":{"start":{"line":323,"column":35},"end":{"line":323,"column":null}},"line":323}},"branchMap":{"0":{"loc":{"start":{"line":94,"column":76},"end":{"line":96,"column":null}},"type":"cond-expr","locations":[{"start":{"line":94,"column":76},"end":{"line":95,"column":null}},{"start":{"line":96,"column":6},"end":{"line":96,"column":null}}],"line":94},"1":{"loc":{"start":{"line":100,"column":4},"end":{"line":116,"column":null}},"type":"if","locations":[{"start":{"line":100,"column":4},"end":{"line":116,"column":null}},{"start":{},"end":{}}],"line":100},"2":{"loc":{"start":{"line":106,"column":8},"end":{"line":111,"column":null}},"type":"if","locations":[{"start":{"line":106,"column":8},"end":{"line":111,"column":null}},{"start":{"line":109,"column":15},"end":{"line":111,"column":null}}],"line":106},"3":{"loc":{"start":{"line":120,"column":19},"end":{"line":120,"column":null}},"type":"cond-expr","locations":[{"start":{"line":120,"column":35},"end":{"line":120,"column":52}},{"start":{"line":120,"column":52},"end":{"line":120,"column":null}}],"line":120},"4":{"loc":{"start":{"line":121,"column":16},"end":{"line":121,"column":null}},"type":"cond-expr","locations":[{"start":{"line":121,"column":32},"end":{"line":121,"column":46}},{"start":{"line":121,"column":46},"end":{"line":121,"column":null}}],"line":121},"5":{"loc":{"start":{"line":122,"column":17},"end":{"line":122,"column":null}},"type":"cond-expr","locations":[{"start":{"line":122,"column":33},"end":{"line":122,"column":54}},{"start":{"line":122,"column":54},"end":{"line":122,"column":null}}],"line":122},"6":{"loc":{"start":{"line":190,"column":60},"end":{"line":190,"column":null}},"type":"binary-expr","locations":[{"start":{"line":190,"column":60},"end":{"line":190,"column":78}},{"start":{"line":190,"column":78},"end":{"line":190,"column":null}}],"line":190},"7":{"loc":{"start":{"line":240,"column":20},"end":{"line":241,"column":null}},"type":"cond-expr","locations":[{"start":{"line":240,"column":52},"end":{"line":240,"column":null}},{"start":{"line":241,"column":20},"end":{"line":241,"column":null}}],"line":240},"8":{"loc":{"start":{"line":241,"column":20},"end":{"line":241,"column":null}},"type":"cond-expr","locations":[{"start":{"line":241,"column":52},"end":{"line":241,"column":69}},{"start":{"line":241,"column":69},"end":{"line":241,"column":null}}],"line":241}},"s":{"0":1,"1":1,"2":1,"3":3,"4":3,"5":3,"6":3,"7":3,"8":3,"9":3,"10":3,"11":3,"12":0,"13":0,"14":0,"15":0,"16":0,"17":0,"18":0,"19":0,"20":0,"21":0,"22":0,"23":0,"24":3,"25":3,"26":3,"27":3,"28":0,"29":0,"30":0,"31":0,"32":0,"33":0},"f":{"0":3,"1":3,"2":0,"3":0,"4":0,"5":0,"6":0,"7":0,"8":0},"b":{"0":[3,0],"1":[0,3],"2":[0,0],"3":[3,0],"4":[3,0],"5":[3,0],"6":[3,0],"7":[0,3],"8":[3,0]},"meta":{"lastBranch":9,"lastFunction":9,"lastStatement":34,"seen":{"s:7:20:60:Infinity":0,"s:62:22:62:41":1,"s:65:19:80:1":2,"f:83:24:83:Infinity":0,"s:84:14:84:Infinity":3,"s:85:39:85:Infinity":4,"s:86:45:86:Infinity":5,"s:89:39:89:Infinity":6,"s:90:35:90:Infinity":7,"s:91:33:91:Infinity":8,"s:94:76:96:Infinity":9,"b:94:76:95:Infinity:96:6:96:Infinity":0,"s:99:2:117:Infinity":10,"f:99:12:99:Infinity":1,"b:100:4:116:Infinity:undefined:undefined:undefined:undefined":1,"s:100:4:116:Infinity":11,"s:101:27:113:Infinity":12,"f:101:27:101:Infinity":2,"s:102:8:102:Infinity":13,"s:103:8:103:Infinity":14,"f:103:26:103:37":3,"s:103:37:103:Infinity":15,"s:105:33:105:Infinity":16,"f:105:50:105:55":4,"s:105:55:105:Infinity":17,"b:106:8:111:Infinity:109:15:111:Infinity":2,"s:106:8:111:Infinity":18,"s:107:10:107:Infinity":19,"s:108:10:108:Infinity":20,"s:110:10:110:Infinity":21,"s:112:8:112:Infinity":22,"s:115:6:115:Infinity":23,"s:120:19:120:Infinity":24,"b:120:35:120:52:120:52:120:Infinity":3,"s:121:16:121:Infinity":25,"b:121:32:121:46:121:46:121:Infinity":4,"s:122:17:122:Infinity":26,"b:122:33:122:54:122:54:122:Infinity":5,"s:124:24:130:Infinity":27,"f:124:24:124:Infinity":5,"s:125:4:125:Infinity":28,"s:126:4:129:Infinity":29,"f:126:15:126:Infinity":6,"s:127:6:127:Infinity":30,"s:128:6:128:Infinity":31,"b:190:60:190:78:190:78:190:Infinity":6,"b:240:52:240:Infinity:241:20:241:Infinity":7,"b:241:52:241:69:241:69:241:Infinity":8,"f:274:23:274:29":7,"s:274:29:274:Infinity":32,"f:323:29:323:35":8,"s:323:35:323:Infinity":33}}}
}
